Fri May 12 20:22:13 2023 - 'openHouseEndDate'Fri May 12 21:45:16 2023 - 'NoneType' object has no attribute 'shape'Fri May 12 22:02:46 2023 - unsupported operand type(s) for +: 'int' and 'NoneType'Fri May 12 22:03:13 2023 - unsupported operand type(s) for +: 'int' and 'NoneType'Fri May 12 22:03:45 2023 - unsupported operand type(s) for +: 'int' and 'NoneType'Sat May 13 09:01:34 2023 - max() arg is an empty sequence
Sat May 13 09:01:35 2023 - max() arg is an empty sequence
Sat May 13 09:01:35 2023 - max() arg is an empty sequence
Sat May 13 09:01:35 2023 - max() arg is an empty sequence
Sat May 13 09:01:35 2023 - max() arg is an empty sequence
Sat May 13 09:01:35 2023 - max() arg is an empty sequence
Sat May 13 09:01:35 2023 - max() arg is an empty sequence
Sat May 13 09:01:36 2023 - max() arg is an empty sequence
Sat May 13 09:01:36 2023 - max() arg is an empty sequence
Sat May 13 09:01:36 2023 - max() arg is an empty sequence
Sat May 13 09:01:36 2023 - max() arg is an empty sequence
Sat May 13 09:01:36 2023 - max() arg is an empty sequence
Sat May 13 09:01:36 2023 - max() arg is an empty sequence
Sat May 13 09:01:36 2023 - max() arg is an empty sequence
Sat May 13 09:01:36 2023 - max() arg is an empty sequence
Sat May 13 09:01:37 2023 - max() arg is an empty sequence
Sat May 13 09:01:37 2023 - max() arg is an empty sequence
Sat May 13 09:01:37 2023 - max() arg is an empty sequence
Sat May 13 09:01:37 2023 - max() arg is an empty sequence
Sat May 13 09:01:37 2023 - max() arg is an empty sequence
Sat May 13 09:01:37 2023 - max() arg is an empty sequence
Sat May 13 09:01:37 2023 - max() arg is an empty sequence
Sat May 13 09:01:37 2023 - max() arg is an empty sequence
Sat May 13 09:01:38 2023 - max() arg is an empty sequence
Sat May 13 09:01:38 2023 - max() arg is an empty sequence
Sat May 13 09:01:38 2023 - max() arg is an empty sequence
Sat May 13 09:01:38 2023 - max() arg is an empty sequence
Sat May 13 09:01:38 2023 - max() arg is an empty sequence
Sat May 13 09:01:38 2023 - max() arg is an empty sequence
Sat May 13 09:01:38 2023 - max() arg is an empty sequence
Sat May 13 09:01:38 2023 - max() arg is an empty sequence
Sat May 13 09:01:38 2023 - max() arg is an empty sequence
Sat May 13 09:01:38 2023 - max() arg is an empty sequence
Sat May 13 09:01:38 2023 - max() arg is an empty sequence
Sat May 13 09:01:38 2023 - max() arg is an empty sequence
Sat May 13 09:01:39 2023 - max() arg is an empty sequence
Sat May 13 09:01:39 2023 - max() arg is an empty sequence
Sat May 13 09:01:39 2023 - max() arg is an empty sequence
Sat May 13 09:01:39 2023 - max() arg is an empty sequence
Sat May 13 09:06:53 2023 - max() arg is an empty sequence
Sat May 13 09:06:54 2023 - max() arg is an empty sequence
Sat May 13 09:06:54 2023 - max() arg is an empty sequence
Sat May 13 09:06:55 2023 - max() arg is an empty sequence
Sat May 13 09:06:55 2023 - max() arg is an empty sequence
Sat May 13 09:06:55 2023 - max() arg is an empty sequence
Sat May 13 09:06:55 2023 - max() arg is an empty sequence
Sat May 13 09:06:55 2023 - max() arg is an empty sequence
Sat May 13 09:06:55 2023 - max() arg is an empty sequence
Sat May 13 09:06:55 2023 - max() arg is an empty sequence
Sat May 13 09:06:55 2023 - max() arg is an empty sequence
Sat May 13 09:06:56 2023 - max() arg is an empty sequence
Sat May 13 09:06:56 2023 - max() arg is an empty sequence
Sat May 13 09:06:56 2023 - max() arg is an empty sequence
Sat May 13 09:06:56 2023 - max() arg is an empty sequence
Sat May 13 09:06:56 2023 - max() arg is an empty sequence
Sat May 13 09:06:56 2023 - max() arg is an empty sequence
Sat May 13 09:06:56 2023 - max() arg is an empty sequence
Sat May 13 09:06:56 2023 - max() arg is an empty sequence
Sat May 13 09:06:56 2023 - max() arg is an empty sequence
Sat May 13 09:06:56 2023 - max() arg is an empty sequence
Sat May 13 09:06:56 2023 - max() arg is an empty sequence
Sat May 13 09:06:56 2023 - max() arg is an empty sequence
Sat May 13 09:06:57 2023 - max() arg is an empty sequence
Sat May 13 09:06:57 2023 - max() arg is an empty sequence
Sat May 13 09:06:57 2023 - max() arg is an empty sequence
Sat May 13 09:06:57 2023 - max() arg is an empty sequence
Sat May 13 09:06:57 2023 - max() arg is an empty sequence
Sat May 13 09:06:57 2023 - max() arg is an empty sequence
Sat May 13 09:06:57 2023 - max() arg is an empty sequence
Sat May 13 09:06:57 2023 - max() arg is an empty sequence
Sat May 13 09:06:57 2023 - max() arg is an empty sequence
Sat May 13 09:06:57 2023 - max() arg is an empty sequence
Sat May 13 09:06:57 2023 - max() arg is an empty sequence
Sat May 13 09:06:57 2023 - max() arg is an empty sequence
Sat May 13 09:06:58 2023 - max() arg is an empty sequence
Sat May 13 09:06:58 2023 - max() arg is an empty sequence
Sat May 13 09:06:58 2023 - max() arg is an empty sequence
Sat May 13 09:06:58 2023 - max() arg is an empty sequence
Sat May 13 09:58:35 2023 - bad operand type for unary +: 'str'
Sat May 13 09:58:35 2023 - bad operand type for unary +: 'str'
Sat May 13 09:58:35 2023 - bad operand type for unary +: 'str'
Sat May 13 09:58:35 2023 - bad operand type for unary +: 'str'
Sat May 13 09:58:35 2023 - bad operand type for unary +: 'str'
Sat May 13 09:58:35 2023 - bad operand type for unary +: 'str'
Sat May 13 09:58:35 2023 - bad operand type for unary +: 'str'
Sat May 13 09:58:35 2023 - bad operand type for unary +: 'str'
Sat May 13 09:58:35 2023 - bad operand type for unary +: 'str'
Sat May 13 09:58:35 2023 - bad operand type for unary +: 'str'
Sat May 13 09:58:35 2023 - bad operand type for unary +: 'str'
Sat May 13 09:58:35 2023 - bad operand type for unary +: 'str'
Sat May 13 09:58:35 2023 - bad operand type for unary +: 'str'
Sat May 13 09:58:35 2023 - bad operand type for unary +: 'str'
Sat May 13 09:58:35 2023 - bad operand type for unary +: 'str'
Sat May 13 09:58:35 2023 - bad operand type for unary +: 'str'
Sat May 13 09:58:35 2023 - bad operand type for unary +: 'str'
Sat May 13 09:58:35 2023 - bad operand type for unary +: 'str'
Sat May 13 09:58:35 2023 - bad operand type for unary +: 'str'
Sat May 13 09:58:35 2023 - bad operand type for unary +: 'str'
Sat May 13 10:00:01 2023 - bad operand type for unary +: 'str'
Sat May 13 10:00:01 2023 - bad operand type for unary +: 'str'
Sat May 13 10:00:01 2023 - bad operand type for unary +: 'str'
Sat May 13 10:00:01 2023 - bad operand type for unary +: 'str'
Sat May 13 10:00:01 2023 - bad operand type for unary +: 'str'
Sat May 13 10:00:01 2023 - bad operand type for unary +: 'str'
Sat May 13 10:00:01 2023 - bad operand type for unary +: 'str'
Sat May 13 10:00:01 2023 - bad operand type for unary +: 'str'
Sat May 13 10:00:01 2023 - bad operand type for unary +: 'str'
Sat May 13 10:00:01 2023 - bad operand type for unary +: 'str'
Sat May 13 10:00:01 2023 - bad operand type for unary +: 'str'
Sat May 13 10:00:01 2023 - bad operand type for unary +: 'str'
Sat May 13 10:00:01 2023 - bad operand type for unary +: 'str'
Sat May 13 10:00:01 2023 - bad operand type for unary +: 'str'
Sat May 13 10:00:01 2023 - bad operand type for unary +: 'str'
Sat May 13 10:00:01 2023 - bad operand type for unary +: 'str'
Sat May 13 10:00:01 2023 - bad operand type for unary +: 'str'
Sat May 13 10:00:01 2023 - bad operand type for unary +: 'str'
Sat May 13 10:00:01 2023 - bad operand type for unary +: 'str'
Sat May 13 10:00:01 2023 - bad operand type for unary +: 'str'
Sat May 13 10:01:13 2023 - 
Sat May 13 10:01:13 2023 - 
Sat May 13 10:01:13 2023 - 
Sat May 13 10:01:13 2023 - 
Sat May 13 10:01:13 2023 - 
Sat May 13 10:01:13 2023 - 
Sat May 13 10:01:13 2023 - 
Sat May 13 10:01:13 2023 - 
Sat May 13 10:01:13 2023 - 
Sat May 13 10:01:13 2023 - 
Sat May 13 10:01:13 2023 - 
Sat May 13 10:01:13 2023 - 
Sat May 13 10:01:13 2023 - 
Sat May 13 10:01:13 2023 - 
Sat May 13 10:01:13 2023 - 
Sat May 13 10:01:13 2023 - 
Sat May 13 10:01:13 2023 - 
Sat May 13 10:01:13 2023 - 
Sat May 13 10:01:13 2023 - 
Sat May 13 10:01:13 2023 - 
Sat May 13 10:41:07 2023 - Error in file ncs/Sport Motion Graphics Hip-Hop by Infraction [No Copyright Music]  Slideshow.mp3, Accessing time t=128.19-128.23 seconds, with clip duration=128 seconds, 
